2026-04-08 11:14:56,303 [INFO] Activator:176 - 


2026-04-08 11:14:56,320 [INFO] Activator:177 - !SESSION log4j initialized
2026-04-08 11:15:10,182 [INFO] LogOutputStream:77 - [STDOUT_REDIRECT] 
2026-04-08 11:15:11,851 [INFO] ApplicationProperties:184 - Using Application install path: C:\ST\STM32CubeIDE_1.14.1\STM32CubeIDE\plugins\com.st.stm32cube.common.mx_6.15.0.202507011659
2026-04-08 11:15:11,906 [INFO] DbMcusXml:78 - Set database path to: C:\ST\STM32CubeIDE_1.14.1\STM32CubeIDE\plugins\com.st.stm32cube.common.mx_6.15.0.202507011659\\db\/mcu/
2026-04-08 11:15:11,908 [INFO] ApiDb:274 - Set plugin database path to: C:\ST\STM32CubeIDE_1.14.1\STM32CubeIDE\plugins\com.st.stm32cube.common.mx_6.15.0.202507011659\\db\/plugins/boardmanager/
2026-04-08 11:15:11,944 [WARN] ApiDb:259 - Overriding images path with different value:  => C:\ST\STM32CubeIDE_1.14.1\STM32CubeIDE\plugins\com.st.stm32cube.common.mx_6.15.0.202507011659\\db\/plugins/mcufinder/images/
2026-04-08 11:15:11,965 [INFO] ApiDb:250 - Set database path to: C:\Users\aaron\.stmcufinder\plugins\mcufinder//mcu/
2026-04-08 11:15:11,972 [INFO] DbMcusAds:125 - Set database path to: C:\Users\aaron\.stmcufinder\plugins\mcufinder//mcu/
2026-04-08 11:15:11,980 [INFO] CrossReferenceDbSqlite:203 - Set database path to: C:\Users\aaron\.stmcufinder\plugins\mcufinder//mcu/cs/
2026-04-08 11:15:12,335 [INFO] RulesReader:64 - Compatibility file has been processed (317 Rules)
2026-04-08 11:15:12,621 [INFO] DbMcusXml:78 - Set database path to: C:\ST\STM32CubeIDE_1.14.1\STM32CubeIDE\plugins\com.st.stm32cube.common.mx_6.15.0.202507011659\\db\/mcu/
2026-04-08 11:15:12,621 [INFO] ApiDb:274 - Set plugin database path to: C:\ST\STM32CubeIDE_1.14.1\STM32CubeIDE\plugins\com.st.stm32cube.common.mx_6.15.0.202507011659\\db\/plugins/boardmanager/
2026-04-08 11:15:12,621 [INFO] ApiDb:261 - Set plugin images path to: C:\ST\STM32CubeIDE_1.14.1\STM32CubeIDE\plugins\com.st.stm32cube.common.mx_6.15.0.202507011659\\db\/plugins/mcufinder/images/
2026-04-08 11:15:12,621 [WARN] DbFile:41 - Overriding database path with different value: C:\Users\aaron\.stmcufinder\plugins\mcufinder/ => C:\Users\aaron\.stmcufinder\plugins\mcufinder
2026-04-08 11:15:12,621 [INFO] ApiDb:250 - Set database path to: C:\Users\aaron\.stmcufinder\plugins\mcufinder//mcu/
2026-04-08 11:15:12,621 [WARN] DbFile:41 - Overriding database path with different value: C:\Users\aaron\.stmcufinder\plugins\mcufinder/ => C:\Users\aaron\.stmcufinder\plugins\mcufinder
2026-04-08 11:15:12,621 [INFO] DbMcusAds:125 - Set database path to: C:\Users\aaron\.stmcufinder\plugins\mcufinder//mcu/
2026-04-08 11:15:12,621 [WARN] DbFile:41 - Overriding database path with different value: C:\Users\aaron\.stmcufinder\plugins\mcufinder/ => C:\Users\aaron\.stmcufinder\plugins\mcufinder
2026-04-08 11:15:12,621 [WARN] DbFile:41 - Overriding database path with different value: C:\Users\aaron\.stmcufinder\plugins\mcufinder/ => C:\Users\aaron\.stmcufinder\plugins\mcufinder
2026-04-08 11:15:12,621 [INFO] CrossReferenceDbSqlite:203 - Set database path to: C:\Users\aaron\.stmcufinder\plugins\mcufinder//mcu/cs/
2026-04-08 11:15:12,862 [INFO] MainPanel:274 - HeapMemory: 268435456
2026-04-08 11:15:13,169 [INFO] DbMcusXml:78 - Set database path to: C:\ST\STM32CubeIDE_1.14.1\STM32CubeIDE\plugins\com.st.stm32cube.common.mx_6.15.0.202507011659\\db\/mcu/
2026-04-08 11:15:13,172 [INFO] ApiDb:274 - Set plugin database path to: C:\ST\STM32CubeIDE_1.14.1\STM32CubeIDE\plugins\com.st.stm32cube.common.mx_6.15.0.202507011659\\db\/plugins/boardmanager/
2026-04-08 11:15:13,172 [INFO] ApiDb:261 - Set plugin images path to: C:\ST\STM32CubeIDE_1.14.1\STM32CubeIDE\plugins\com.st.stm32cube.common.mx_6.15.0.202507011659\\db\/plugins/mcufinder/images/
2026-04-08 11:15:13,172 [WARN] DbFile:41 - Overriding database path with different value: C:\Users\aaron\.stmcufinder\plugins\mcufinder/ => C:\Users\aaron\.stmcufinder\plugins\mcufinder
2026-04-08 11:15:13,172 [INFO] ApiDb:250 - Set database path to: C:\Users\aaron\.stmcufinder\plugins\mcufinder//mcu/
2026-04-08 11:15:13,172 [WARN] DbFile:41 - Overriding database path with different value: C:\Users\aaron\.stmcufinder\plugins\mcufinder/ => C:\Users\aaron\.stmcufinder\plugins\mcufinder
2026-04-08 11:15:13,172 [INFO] DbMcusAds:125 - Set database path to: C:\Users\aaron\.stmcufinder\plugins\mcufinder//mcu/
2026-04-08 11:15:13,172 [WARN] DbFile:41 - Overriding database path with different value: C:\Users\aaron\.stmcufinder\plugins\mcufinder/ => C:\Users\aaron\.stmcufinder\plugins\mcufinder
2026-04-08 11:15:13,172 [WARN] DbFile:41 - Overriding database path with different value: C:\Users\aaron\.stmcufinder\plugins\mcufinder/ => C:\Users\aaron\.stmcufinder\plugins\mcufinder
2026-04-08 11:15:13,172 [INFO] CrossReferenceDbSqlite:203 - Set database path to: C:\Users\aaron\.stmcufinder\plugins\mcufinder//mcu/cs/
2026-04-08 11:15:13,222 [INFO] ApplicationProperties:184 - Using Application install path: C:\ST\STM32CubeIDE_1.14.1\STM32CubeIDE\plugins\com.st.stm32cube.common.mx_6.15.0.202507011659
2026-04-08 11:15:13,230 [INFO] PluginManage:196 - Search for loadable plugins [exclusion list=, ]
2026-04-08 11:15:13,230 [INFO] PluginManage:310 - Check plugin analytics
2026-04-08 11:15:13,813 [INFO] AnalyticsPlugin:253 - Accepted Software Licenses: 
2026-04-08 11:15:13,813 [INFO] AnalyticsPlugin:255 - Accepted CMSIS Pack Licenses: 
2026-04-08 11:15:13,817 [INFO] AnalyticsPlugin:257 - Accepted Firmware Licenses: FW.C0.1.1.0,FW.C0.1.0.0,FW.C0.1.4.0
2026-04-08 11:15:13,825 [INFO] PluginManage:359 - Loaded plugin analytics (category:tool,tabindex:-1)
2026-04-08 11:15:13,825 [INFO] PluginManage:310 - Check plugin cadmodel
2026-04-08 11:15:13,837 [INFO] CADModel:105 - Init CAD model plugin
2026-04-08 11:15:13,838 [INFO] PluginManage:359 - Loaded plugin cadmodel (category:power,tabindex:5)
2026-04-08 11:15:13,838 [INFO] PluginManage:310 - Check plugin clock
2026-04-08 11:15:13,863 [INFO] PluginManage:359 - Loaded plugin clock (category:base,tabindex:2)
2026-04-08 11:15:13,863 [INFO] PluginManage:310 - Check plugin ddr
2026-04-08 11:15:13,871 [INFO] PluginManage:359 - Loaded plugin ddr (category:tool,tabindex:6)
2026-04-08 11:15:13,871 [INFO] PluginManage:310 - Check plugin filemanager
2026-04-08 11:15:14,430 [INFO] PluginManage:359 - Loaded plugin filemanager (category:base,tabindex:10)
2026-04-08 11:15:14,430 [INFO] PluginManage:310 - Check plugin ipmanager
2026-04-08 11:15:14,454 [INFO] PluginManage:359 - Loaded plugin ipmanager (category:base,tabindex:5)
2026-04-08 11:15:14,454 [INFO] PluginManage:310 - Check plugin lpbam
2026-04-08 11:15:14,481 [INFO] PluginManage:359 - Loaded plugin lpbam (category:base,tabindex:0)
2026-04-08 11:15:14,481 [INFO] PluginManage:310 - Check plugin memorymap
2026-04-08 11:15:14,512 [INFO] PluginManage:359 - Loaded plugin memorymap (category:base,tabindex:4)
2026-04-08 11:15:14,512 [INFO] PluginManage:310 - Check plugin pinoutandconfiguration
2026-04-08 11:15:14,549 [INFO] PluginManage:359 - Loaded plugin pinoutandconfiguration (category:base,tabindex:1)
2026-04-08 11:15:14,549 [INFO] PluginManage:310 - Check plugin pinoutconfig
2026-04-08 11:15:14,949 [WARN] SupportedApi:132 - Cannot load RTOS API schema: s4s-elt-must-match.1: The content of 'definitions' must match (annotation?, (simpleType | complexType)?, (unique | key | keyref)*)). A problem was found starting at: attribute.
2026-04-08 11:15:15,404 [INFO] PluginManage:359 - Loaded plugin pinoutconfig (category:base,tabindex:0)
2026-04-08 11:15:15,404 [INFO] PluginManage:310 - Check plugin power
2026-04-08 11:15:15,428 [INFO] PluginManage:359 - Loaded plugin power (category:power,tabindex:4)
2026-04-08 11:15:15,428 [INFO] PluginManage:310 - Check plugin projectmanager
2026-04-08 11:15:15,479 [INFO] PluginManage:359 - Loaded plugin projectmanager (category:projectmanager,tabindex:4)
2026-04-08 11:15:15,480 [INFO] PluginManage:310 - Check plugin rif
2026-04-08 11:15:15,500 [INFO] PluginManage:359 - Loaded plugin rif (category:base,tabindex:3)
2026-04-08 11:15:15,500 [INFO] PluginManage:310 - Check plugin thirdparty
2026-04-08 11:15:15,920 [INFO] PluginManage:359 - Loaded plugin thirdparty (category:base,tabindex:-1)
2026-04-08 11:15:15,920 [WARN] IntegrityCheckThread:84 - waiting for thirdparty lock release [integrity check]
2026-04-08 11:15:15,920 [INFO] PluginManage:310 - Check plugin tools
2026-04-08 11:15:15,920 [INFO] IntegrityCheckThread:86 - entering critical section [integrity check]
2026-04-08 11:15:15,926 [INFO] ThirdPartyUpdaterWithRetryManager:70 - Updater plugin not ready yet. [1/15]
2026-04-08 11:15:15,928 [INFO] PluginManage:359 - Loaded plugin tools (category:base,tabindex:7)
2026-04-08 11:15:15,928 [INFO] PluginManage:310 - Check plugin tutovideos
2026-04-08 11:15:16,566 [INFO] PluginManage:359 - Loaded plugin tutovideos (category:base,tabindex:-1)
2026-04-08 11:15:16,566 [INFO] PluginManage:310 - Check plugin updater
2026-04-08 11:15:16,637 [INFO] PluginManage:359 - Loaded plugin updater (category:base,tabindex:12)
2026-04-08 11:15:16,637 [INFO] PluginManage:310 - Check plugin userauth
2026-04-08 11:15:16,650 [INFO] UserAuth:118 - Init User Auth plugin
2026-04-08 11:15:16,652 [INFO] PluginManage:359 - Loaded plugin userauth (category:base,tabindex:14)
2026-04-08 11:15:16,652 [INFO] PluginManage:283 - PluginManage : Loaded plugins [18]
2026-04-08 11:15:17,306 [INFO] PinOutPanel:1589 - setPackage(No Configuration,No Configuration)
2026-04-08 11:15:17,589 [INFO] CADModel:165 - CPN selected for project level
2026-04-08 11:15:17,589 [INFO] CADModel:114 - Register for checkConnection events
2026-04-08 11:15:17,645 [INFO] IPUIPlugin:80 - create IPUIPlugin
2026-04-08 11:15:17,645 [INFO] PluginManager:220 - loadIPPluginJar : add adc
2026-04-08 11:15:17,652 [INFO] IPUIPlugin:80 - create IPUIPlugin
2026-04-08 11:15:17,652 [INFO] PluginManager:220 - loadIPPluginJar : add aes
2026-04-08 11:15:17,660 [INFO] IPUIPlugin:80 - create IPUIPlugin
2026-04-08 11:15:17,660 [INFO] PluginManager:220 - loadIPPluginJar : add can
2026-04-08 11:15:17,664 [INFO] IPUIPlugin:80 - create IPUIPlugin
2026-04-08 11:15:17,664 [INFO] PluginManager:220 - loadIPPluginJar : add comp
2026-04-08 11:15:17,668 [INFO] IPUIPlugin:80 - create IPUIPlugin
2026-04-08 11:15:17,668 [INFO] PluginManager:220 - loadIPPluginJar : add cryp
2026-04-08 11:15:17,676 [INFO] IPUIPlugin:80 - create IPUIPlugin
2026-04-08 11:15:17,676 [INFO] PluginManager:220 - loadIPPluginJar : add ddr_ctrl_phy
2026-04-08 11:15:17,685 [INFO] IPUIPlugin:80 - create IPUIPlugin
2026-04-08 11:15:17,685 [INFO] PluginManager:220 - loadIPPluginJar : add dfsdm
2026-04-08 11:15:17,692 [INFO] IPUIPlugin:80 - create IPUIPlugin
2026-04-08 11:15:17,700 [INFO] PluginManager:220 - loadIPPluginJar : add dma
2026-04-08 11:15:17,709 [INFO] IPUIPlugin:80 - create IPUIPlugin
2026-04-08 11:15:17,709 [INFO] PluginManager:220 - loadIPPluginJar : add dma3
2026-04-08 11:15:17,717 [INFO] IPUIPlugin:80 - create IPUIPlugin
2026-04-08 11:15:17,717 [INFO] PluginManager:220 - loadIPPluginJar : add extmemmanager
2026-04-08 11:15:17,717 [INFO] IPUIPlugin:80 - create IPUIPlugin
2026-04-08 11:15:17,717 [INFO] PluginManager:220 - loadIPPluginJar : add fatfs
2026-04-08 11:15:17,732 [INFO] IPUIPlugin:80 - create IPUIPlugin
2026-04-08 11:15:17,734 [INFO] PluginManager:220 - loadIPPluginJar : add fmc
2026-04-08 11:15:17,749 [INFO] IPUIPlugin:80 - create IPUIPlugin
2026-04-08 11:15:17,749 [INFO] PluginManager:220 - loadIPPluginJar : add freertos
2026-04-08 11:15:17,752 [INFO] IPUIPlugin:80 - create IPUIPlugin
2026-04-08 11:15:17,752 [INFO] PluginManager:220 - loadIPPluginJar : add genericplugin
2026-04-08 11:15:17,756 [INFO] IPUIPlugin:80 - create IPUIPlugin
2026-04-08 11:15:17,757 [INFO] PluginManager:220 - loadIPPluginJar : add gfxmmu
2026-04-08 11:15:17,800 [INFO] IPUIPlugin:80 - create IPUIPlugin
2026-04-08 11:15:17,800 [INFO] PluginManager:220 - loadIPPluginJar : add gic
2026-04-08 11:15:17,816 [INFO] IPUIPlugin:80 - create IPUIPlugin
2026-04-08 11:15:17,816 [INFO] PluginManager:220 - loadIPPluginJar : add gpio
2026-04-08 11:15:17,824 [INFO] IPUIPlugin:80 - create IPUIPlugin
2026-04-08 11:15:17,824 [INFO] PluginManager:220 - loadIPPluginJar : add gtzc
2026-04-08 11:15:17,832 [INFO] IPUIPlugin:80 - create IPUIPlugin
2026-04-08 11:15:17,832 [INFO] PluginManager:220 - loadIPPluginJar : add hash
2026-04-08 11:15:17,840 [INFO] IPUIPlugin:80 - create IPUIPlugin
2026-04-08 11:15:17,840 [INFO] PluginManager:220 - loadIPPluginJar : add i2c
2026-04-08 11:15:17,849 [INFO] IPUIPlugin:80 - create IPUIPlugin
2026-04-08 11:15:17,849 [INFO] PluginManager:220 - loadIPPluginJar : add i2s
2026-04-08 11:15:17,865 [INFO] IPUIPlugin:80 - create IPUIPlugin
2026-04-08 11:15:17,865 [INFO] PluginManager:220 - loadIPPluginJar : add i3c
2026-04-08 11:15:17,879 [INFO] IPUIPlugin:80 - create IPUIPlugin
2026-04-08 11:15:17,879 [INFO] PluginManager:220 - loadIPPluginJar : add ipddr
2026-04-08 11:15:17,898 [INFO] IPUIPlugin:80 - create IPUIPlugin
2026-04-08 11:15:17,898 [INFO] PluginManager:220 - loadIPPluginJar : add linkedlist
2026-04-08 11:15:17,907 [INFO] IPUIPlugin:80 - create IPUIPlugin
2026-04-08 11:15:17,907 [INFO] PluginManager:220 - loadIPPluginJar : add lorawan
2026-04-08 11:15:17,915 [INFO] IPUIPlugin:80 - create IPUIPlugin
2026-04-08 11:15:17,915 [INFO] PluginManager:220 - loadIPPluginJar : add ltdc
2026-04-08 11:15:17,932 [INFO] IPUIPlugin:80 - create IPUIPlugin
2026-04-08 11:15:17,932 [INFO] PluginManager:220 - loadIPPluginJar : add mdma
2026-04-08 11:15:17,940 [INFO] IPUIPlugin:80 - create IPUIPlugin
2026-04-08 11:15:17,940 [INFO] PluginManager:220 - loadIPPluginJar : add nvic
2026-04-08 11:15:17,948 [INFO] IPUIPlugin:80 - create IPUIPlugin
2026-04-08 11:15:17,948 [INFO] PluginManager:220 - loadIPPluginJar : add opamp
2026-04-08 11:15:17,959 [INFO] IPUIPlugin:80 - create IPUIPlugin
2026-04-08 11:15:17,959 [INFO] PluginManager:220 - loadIPPluginJar : add openamp
2026-04-08 11:15:17,973 [INFO] IPUIPlugin:80 - create IPUIPlugin
2026-04-08 11:15:17,973 [INFO] PluginManager:220 - loadIPPluginJar : add pdm2pcm
2026-04-08 11:15:17,990 [INFO] IPUIPlugin:80 - create IPUIPlugin
2026-04-08 11:15:17,998 [INFO] PluginManager:220 - loadIPPluginJar : add plateformsettings
2026-04-08 11:15:17,998 [INFO] IPUIPlugin:80 - create IPUIPlugin
2026-04-08 11:15:17,998 [INFO] PluginManager:220 - loadIPPluginJar : add quadspi
2026-04-08 11:15:18,006 [INFO] IPUIPlugin:80 - create IPUIPlugin
2026-04-08 11:15:18,006 [INFO] PluginManager:220 - loadIPPluginJar : add radio
2026-04-08 11:15:18,014 [INFO] IPUIPlugin:80 - create IPUIPlugin
2026-04-08 11:15:18,014 [INFO] PluginManager:220 - loadIPPluginJar : add resmgrutility
2026-04-08 11:15:18,022 [INFO] IPUIPlugin:80 - create IPUIPlugin
2026-04-08 11:15:18,022 [INFO] PluginManager:220 - loadIPPluginJar : add sai
2026-04-08 11:15:18,034 [INFO] IPUIPlugin:80 - create IPUIPlugin
2026-04-08 11:15:18,034 [INFO] PluginManager:220 - loadIPPluginJar : add spi
2026-04-08 11:15:18,048 [INFO] IPUIPlugin:80 - create IPUIPlugin
2026-04-08 11:15:18,048 [INFO] PluginManager:220 - loadIPPluginJar : add stm32_wpan
2026-04-08 11:15:18,055 [INFO] IPUIPlugin:80 - create IPUIPlugin
2026-04-08 11:15:18,055 [INFO] PluginManager:220 - loadIPPluginJar : add tim
2026-04-08 11:15:18,064 [INFO] IPUIPlugin:80 - create IPUIPlugin
2026-04-08 11:15:18,064 [INFO] PluginManager:220 - loadIPPluginJar : add touchsensing
2026-04-08 11:15:18,069 [INFO] IPUIPlugin:80 - create IPUIPlugin
2026-04-08 11:15:18,072 [INFO] PluginManager:220 - loadIPPluginJar : add tracer_emb
2026-04-08 11:15:18,076 [INFO] IPUIPlugin:80 - create IPUIPlugin
2026-04-08 11:15:18,076 [INFO] PluginManager:220 - loadIPPluginJar : add ts
2026-04-08 11:15:18,080 [INFO] IPUIPlugin:80 - create IPUIPlugin
2026-04-08 11:15:18,080 [INFO] PluginManager:220 - loadIPPluginJar : add tsc
2026-04-08 11:15:18,089 [INFO] IPUIPlugin:80 - create IPUIPlugin
2026-04-08 11:15:18,089 [INFO] PluginManager:220 - loadIPPluginJar : add ucpd
2026-04-08 11:15:18,097 [INFO] IPUIPlugin:80 - create IPUIPlugin
2026-04-08 11:15:18,097 [INFO] PluginManager:220 - loadIPPluginJar : add usart
2026-04-08 11:15:18,109 [INFO] IPUIPlugin:80 - create IPUIPlugin
2026-04-08 11:15:18,109 [INFO] PluginManager:220 - loadIPPluginJar : add usbx
2026-04-08 11:15:18,412 [FATAL] Updater:351 - Updater called before beeing initialized
2026-04-08 11:15:18,509 [INFO] RulesReader:64 - Compatibility file has been processed (317 Rules)
2026-04-08 11:15:18,551 [INFO] RulesReader:64 - Compatibility file has been processed (317 Rules)
2026-04-08 11:15:18,580 [INFO] CADModel:165 - CPN selected for project level
2026-04-08 11:15:18,584 [INFO] CADModel:114 - Register for checkConnection events
2026-04-08 11:15:18,584 [FATAL] Updater:351 - Updater called before beeing initialized
2026-04-08 11:15:18,584 [ERROR] CADModel:125 - Updater not yet initialized, retry later 
2026-04-08 11:15:18,930 [INFO] ThirdPartyUpdaterWithRetryManager:70 - Updater plugin not ready yet. [2/15]
2026-04-08 11:15:19,068 [FATAL] Updater:351 - Updater called before beeing initialized
2026-04-08 11:15:19,074 [INFO] CADModel:165 - CPN selected for project level
2026-04-08 11:15:19,074 [INFO] CADModel:114 - Register for checkConnection events
2026-04-08 11:15:19,074 [FATAL] Updater:351 - Updater called before beeing initialized
2026-04-08 11:15:19,074 [ERROR] CADModel:125 - Updater not yet initialized, retry later 
2026-04-08 11:15:19,083 [FATAL] Updater:351 - Updater called before beeing initialized
2026-04-08 11:15:19,482 [FATAL] Updater:351 - Updater called before beeing initialized
2026-04-08 11:15:19,500 [INFO] DbMcusAds:53 - JSON generation date=Thu Mar 05 07:32:52 MST 2026 (1772721172890)
2026-04-08 11:15:19,502 [FATAL] Updater:351 - Updater called before beeing initialized
2026-04-08 11:15:19,622 [WARN] DetailPanel:346 - Failed to get advertising image, set to default
2026-04-08 11:15:19,911 [FATAL] Updater:351 - Updater called before beeing initialized
2026-04-08 11:15:19,919 [FATAL] Updater:351 - Updater called before beeing initialized
2026-04-08 11:15:19,919 [FATAL] Updater:351 - Updater called before beeing initialized
2026-04-08 11:15:19,919 [WARN] DetailPanel:346 - Failed to get advertising image, set to default
2026-04-08 11:15:19,927 [FATAL] Updater:351 - Updater called before beeing initialized
2026-04-08 11:15:20,060 [ERROR] Updater:1198 - MainUpdater not yet initialized. External WinMGr cannot be set.
2026-04-08 11:15:20,063 [INFO] Updater:1134 - Updater Version found : 6.15.0
2026-04-08 11:15:20,126 [INFO] ApplicationProperties:184 - Using Application install path: C:\ST\STM32CubeIDE_1.14.1\STM32CubeIDE\plugins\com.st.stm32cube.common.mx_6.15.0.202507011659
2026-04-08 11:15:21,763 [ERROR] LogOutputStream:75 - [STDERR_REDIRECT] Apr 08, 2026 11:15:21 AM java.util.prefs.WindowsPreferences <init>
2026-04-08 11:15:21,767 [ERROR] LogOutputStream:75 - [STDERR_REDIRECT] WARNING: Could not open/create prefs root node Software\JavaSoft\Prefs at root 0xffffffff80000002. Windows RegCreateKeyEx(...) returned error code 5.
2026-04-08 11:15:21,767 [ERROR] LogOutputStream:75 - [STDERR_REDIRECT] 
2026-04-08 11:15:21,934 [FATAL] Updater:351 - Updater called before beeing initialized
2026-04-08 11:15:21,934 [ERROR] IntegrityCheckThread:130 - Cannot retrieve database content from updater: error 21
2026-04-08 11:15:21,934 [INFO] ThirdParty:978 - Integrity check success = false
2026-04-08 11:15:21,934 [INFO] IntegrityCheckThread:100 - exiting critical section [integrity check]
2026-04-08 11:15:21,937 [INFO] IntegrityCheckThread:103 - End integrity checks thread
2026-04-08 11:15:22,587 [INFO] MainUpdater:2872 - connection check result : 10
2026-04-08 11:15:22,595 [INFO] MainUpdater:289 - Updater Check For Update Now.
2026-04-08 11:15:22,595 [INFO] MicroXplorer:498 - Change Database Version : DB.6.0.150
2026-04-08 11:15:22,610 [INFO] McuFinderGlobals:63 - Set McuFinder mode to 2 (CubeIDE integrated)
2026-04-08 11:15:22,612 [INFO] UserAuth:487 - Internet connection configuration mode: 1
2026-04-08 11:15:22,665 [INFO] JxBrowserEngine:152 - Initiate JxBrowser Engine with user profile folder
2026-04-08 11:15:22,999 [INFO] CheckServerUpdateThread:120 - End of CheckServer Thread
2026-04-08 11:15:24,476 [INFO] WebApp:169 - Instantiating new browser for Auth
2026-04-08 11:15:26,017 [INFO] WebApp:463 - Apply proxy settings
2026-04-08 11:15:26,017 [INFO] WebApp:548 - Chromium requires no authentication
2026-04-08 11:15:26,034 [INFO] WebApp:491 - Direct internet connection detected
2026-04-08 11:15:26,092 [INFO] WebApp:900 - Register for checkConnection events
2026-04-08 11:15:26,095 [INFO] WebApp:463 - Apply proxy settings
2026-04-08 11:15:26,095 [INFO] WebApp:548 - Chromium requires no authentication
2026-04-08 11:15:26,095 [INFO] WebApp:491 - Direct internet connection detected
2026-04-08 11:15:26,272 [INFO] WebApp:191 - Connection restablished
2026-04-08 11:15:26,534 [INFO] WebApp:225 - Starting web application
2026-04-08 11:15:26,535 [INFO] WebApp:593 - Web application path used C:\ST\STM32CubeIDE_1.14.1\STM32CubeIDE\plugins\com.st.stm32cube.common.mx_6.15.0.202507011659\db\plugins\mcufinder\reactClient1\index.html
2026-04-08 11:15:27,200 [INFO] UserAuth:487 - Internet connection configuration mode: 1
